# JRE version: Java(TM) SE Runtime Environment (14.0.2+12) (build 14.0.2+12-46)
# Java VM: Java HotSpot(TM) 64-Bit Server VM (14.0.2+12-46, mixed mode, sharing, tiered, compressed oops, g1 gc, windows-amd64)
Heap:
 garbage-first heap   total 78848K, used 21441K [0x00000000c1c00000, 0x0000000100000000)
  region size 1024K, 4 young (4096K), 4 survivors (4096K)
 Metaspace       used 31612K, capacity 32728K, committed 32944K, reserved 1081344K
  class space    used 4384K, capacity 4816K, committed 4864K, reserved 1048576K
GC Heap History (20 events):
Event: 2.964 GC heap after
{Heap after GC invocations=3 (full 0):
 garbage-first heap   total 65536K, used 8240K [0x00000000c1c00000, 0x0000000100000000)
  region size 1024K, 2 young (2048K), 2 survivors (2048K)
 Metaspace       used 8322K, capacity 8715K, committed 8960K, reserved 1056768K
  class space    used 1093K, capacity 1240K, committed 1280K, reserved 1048576K
}
Event: 3.855 GC heap before
{Heap before GC invocations=3 (full 0):
 garbage-first heap   total 65536K, used 43056K [0x00000000c1c00000, 0x0000000100000000)
  region size 1024K, 36 young (36864K), 2 survivors (2048K)
 Metaspace       used 13391K, capacity 13926K, committed 14080K, reserved 1060864K
  class space    used 1781K, capacity 1984K, committed 2048K, reserved 1048576K
}
Event: 3.872 GC heap after
{Heap after GC invocations=4 (full 0):
 garbage-first heap   total 65536K, used 9352K [0x00000000c1c00000, 0x0000000100000000)
  region size 1024K, 3 young (3072K), 3 survivors (3072K)
 Metaspace       used 13391K, capacity 13926K, committed 14080K, reserved 1060864K
  class space    used 1781K, capacity 1984K, committed 2048K, reserved 1048576K
}
Event: 4.445 GC heap before
{Heap before GC invocations=4 (full 0):
 garbage-first heap   total 65536K, used 44168K [0x00000000c1c00000, 0x0000000100000000)
  region size 1024K, 38 young (38912K), 3 survivors (3072K)
 Metaspace       used 14301K, capacity 14875K, committed 14976K, reserved 1062912K
  class space    used 1897K, capacity 2107K, committed 2176K, reserved 1048576K
}
Event: 4.464 GC heap after
{Heap after GC invocations=5 (full 0):
 garbage-first heap   total 78848K, used 10027K [0x00000000c1c00000, 0x0000000100000000)
  region size 1024K, 3 young (3072K), 3 survivors (3072K)
 Metaspace       used 14301K, capacity 14875K, committed 14976K, reserved 1062912K
  class space    used 1897K, capacity 2107K, committed 2176K, reserved 1048576K
}
Event: 5.245 GC heap before
{Heap before GC invocations=5 (full 0):
 garbage-first heap   total 78848K, used 53035K [0x00000000c1c00000, 0x0000000100000000)
  region size 1024K, 46 young (47104K), 3 survivors (3072K)
 Metaspace       used 15578K, capacity 16235K, committed 16384K, reserved 1062912K
  class space    used 2064K, capacity 2301K, committed 2304K, reserved 1048576K
}
Event: 5.256 GC heap after
{Heap after GC invocations=6 (full 0):
 garbage-first heap   total 78848K, used 11442K [0x00000000c1c00000, 0x0000000100000000)
  region size 1024K, 4 young (4096K), 4 survivors (4096K)
 Metaspace       used 15578K, capacity 16235K, committed 16384K, reserved 1062912K
  class space    used 2064K, capacity 2301K, committed 2304K, reserved 1048576K
}
Event: 6.424 GC heap before
{Heap before GC invocations=6 (full 0):
 garbage-first heap   total 78848K, used 54450K [0x00000000c1c00000, 0x0000000100000000)
  region size 1024K, 46 young (47104K), 4 survivors (4096K)
 Metaspace       used 18149K, capacity 18917K, committed 19200K, reserved 1064960K
  class space    used 2461K, capacity 2766K, committed 2816K, reserved 1048576K
}
Event: 6.445 GC heap after
{Heap after GC invocations=7 (full 0):
 garbage-first heap   total 78848K, used 12544K [0x00000000c1c00000, 0x0000000100000000)
  region size 1024K, 4 young (4096K), 4 survivors (4096K)
 Metaspace       used 18149K, capacity 18917K, committed 19200K, reserved 1064960K
  class space    used 2461K, capacity 2766K, committed 2816K, reserved 1048576K
}
Event: 7.183 GC heap before
{Heap before GC invocations=7 (full 0):
 garbage-first heap   total 78848K, used 39168K [0x00000000c1c00000, 0x0000000100000000)
  region size 1024K, 31 young (31744K), 4 survivors (4096K)
 Metaspace       used 20307K, capacity 21094K, committed 21296K, reserved 1067008K
  class space    used 2774K, capacity 3097K, committed 3200K, reserved 1048576K
}
Event: 7.213 GC heap after
{Heap after GC invocations=8 (full 0):
 garbage-first heap   total 78848K, used 13894K [0x00000000c1c00000, 0x0000000100000000)
  region size 1024K, 5 young (5120K), 5 survivors (5120K)
 Metaspace       used 20307K, capacity 21094K, committed 21296K, reserved 1067008K
  class space    used 2774K, capacity 3097K, committed 3200K, reserved 1048576K
}
Event: 7.906 GC heap before
{Heap before GC invocations=9 (full 0):
 garbage-first heap   total 58368K, used 43590K [0x00000000c1c00000, 0x0000000100000000)
  region size 1024K, 34 young (34816K), 5 survivors (5120K)
 Metaspace       used 22676K, capacity 23596K, committed 23728K, reserved 1069056K
  class space    used 3094K, capacity 3485K, committed 3584K, reserved 1048576K
}
Event: 7.931 GC heap after
{Heap after GC invocations=10 (full 0):
 garbage-first heap   total 70656K, used 15942K [0x00000000c1c00000, 0x0000000100000000)
  region size 1024K, 4 young (4096K), 4 survivors (4096K)
 Metaspace       used 22676K, capacity 23596K, committed 23728K, reserved 1069056K
  class space    used 3094K, capacity 3485K, committed 3584K, reserved 1048576K
}
Event: 8.101 GC heap before
{Heap before GC invocations=10 (full 0):
 garbage-first heap   total 70656K, used 52806K [0x00000000c1c00000, 0x0000000100000000)
  region size 1024K, 41 young (41984K), 4 survivors (4096K)
 Metaspace       used 23314K, capacity 24285K, committed 24496K, reserved 1071104K
  class space    used 3151K, capacity 3522K, committed 3584K, reserved 1048576K
}
Event: 8.122 GC heap after
{Heap after GC invocations=11 (full 0):
 garbage-first heap   total 70656K, used 16492K [0x00000000c1c00000, 0x0000000100000000)
  region size 1024K, 3 young (3072K), 3 survivors (3072K)
 Metaspace       used 23314K, capacity 24285K, committed 24496K, reserved 1071104K
  class space    used 3151K, capacity 3522K, committed 3584K, reserved 1048576K
}
Event: 8.990 GC heap before
{Heap before GC invocations=11 (full 0):
 garbage-first heap   total 70656K, used 54380K [0x00000000c1c00000, 0x0000000100000000)
  region size 1024K, 41 young (41984K), 3 survivors (3072K)
 Metaspace       used 25333K, capacity 26389K, committed 26544K, reserved 1073152K
  class space    used 3427K, capacity 3839K, committed 3840K, reserved 1048576K
}
Event: 9.006 GC heap after
{Heap after GC invocations=12 (full 0):
 garbage-first heap   total 70656K, used 17347K [0x00000000c1c00000, 0x0000000100000000)
  region size 1024K, 4 young (4096K), 4 survivors (4096K)
 Metaspace       used 25333K, capacity 26389K, committed 26544K, reserved 1073152K
  class space    used 3427K, capacity 3839K, committed 3840K, reserved 1048576K
}
Event: 9.670 GC heap before
{Heap before GC invocations=12 (full 0):
 garbage-first heap   total 70656K, used 54211K [0x00000000c1c00000, 0x0000000100000000)
  region size 1024K, 41 young (41984K), 4 survivors (4096K)
 Metaspace       used 28298K, capacity 29383K, committed 29616K, reserved 1075200K
  class space    used 3859K, capacity 4259K, committed 4352K, reserved 1048576K
}
Event: 9.685 GC heap after
{Heap after GC invocations=13 (full 0):
 garbage-first heap   total 70656K, used 19575K [0x00000000c1c00000, 0x0000000100000000)
  region size 1024K, 4 young (4096K), 4 survivors (4096K)
 Metaspace       used 28298K, capacity 29383K, committed 29616K, reserved 1075200K
  class space    used 3859K, capacity 4259K, committed 4352K, reserved 1048576K
}
Event: 10.155 GC heap before
{Heap before GC invocations=13 (full 0):
 garbage-first heap   total 70656K, used 56439K [0x00000000c1c00000, 0x0000000100000000)
  region size 1024K, 41 young (41984K), 4 survivors (4096K)
 Metaspace       used 31612K, capacity 32728K, committed 32944K, reserved 1081344K
  class space    used 4384K, capacity 4816K, committed 4864K, reserved 1048576K
}

